<?xml version="1.0" encoding="UTF-8"?>
<!-- Generated by org.testng.reporters.JUnitReportReporter -->
<testsuite hostname="DESKTOP-R1NCR26" failures="0" tests="10" name="com.LearningTestNG.InvocationCountTest" time="0.055" errors="0" timestamp="2022-02-08T06:32:11 GMT-05:00" skipped="0">
  <testcase classname="com.LearningTestNG.InvocationCountTest" name="sum" time="0.003"/>
  <system-out/>
  <testcase classname="com.LearningTestNG.InvocationCountTest" name="sum" time="0.003"/>
  <system-out/>
  <testcase classname="com.LearningTestNG.InvocationCountTest" name="sum" time="0.002"/>
  <system-out/>
  <testcase classname="com.LearningTestNG.InvocationCountTest" name="sum" time="0.016"/>
  <system-out/>
  <testcase classname="com.LearningTestNG.InvocationCountTest" name="sum" time="0.017"/>
  <system-out/>
  <testcase classname="com.LearningTestNG.InvocationCountTest" name="sum" time="0.002"/>
  <system-out/>
  <testcase classname="com.LearningTestNG.InvocationCountTest" name="sum" time="0.004"/>
  <system-out/>
  <testcase classname="com.LearningTestNG.InvocationCountTest" name="sum" time="0.002"/>
  <system-out/>
  <testcase classname="com.LearningTestNG.InvocationCountTest" name="sum" time="0.004"/>
  <system-out/>
  <testcase classname="com.LearningTestNG.InvocationCountTest" name="sum" time="0.002"/>
  <system-out/>
</testsuite> <!-- com.LearningTestNG.InvocationCountTest -->
