<?xml version="1.0" encoding="UTF-8"?>
<!-- Generated by org.testng.reporters.JUnitReportReporter -->
<testsuite hostname="DESKTOP-R1NCR26" failures="0" tests="2" name="com.LearningTestNG.TestNGAnnotations_1" time="0.012" errors="0" timestamp="2021-12-30T09:33:31 GMT-05:00" skipped="0">
  <testcase classname="com.LearningTestNG.TestNGAnnotations_1" name="test2" time="0.006"/>
  <system-out/>
  <testcase classname="com.LearningTestNG.TestNGAnnotations_1" name="test1" time="0.006"/>
  <system-out/>
</testsuite> <!-- com.LearningTestNG.TestNGAnnotations_1 -->
