<?xml version="1.0" encoding="UTF-8"?>
<!-- Generated by org.testng.reporters.JUnitReportReporter -->
<testsuite hostname="DESKTOP-R1NCR26" failures="0" tests="2" name="com.Listeners.LoginTest" time="0.017" errors="0" timestamp="2021-12-27T08:53:00 GMT-05:00" skipped="0">
  <testcase classname="com.Listeners.LoginTest" name="loginwithEmail" time="0.014"/>
  <system-out/>
  <testcase classname="com.Listeners.LoginTest" name="loginwithFacebook" time="0.003"/>
  <system-out/>
</testsuite> <!-- com.Listeners.LoginTest -->
