<?xml version="1.0" encoding="UTF-8"?>
<!-- Generated by org.testng.reporters.JUnitReportReporter -->
<testsuite hostname="DESKTOP-R1NCR26" failures="0" tests="4" name="com.TestNGBatchFiles.SIgnUpTest_DependsOnMethods_and_AlwaysRunConcept" time="0.021" errors="0" timestamp="2022-05-23T09:47:04 GMT-05:00" skipped="0">
  <testcase classname="com.TestNGBatchFiles.SIgnUpTest_DependsOnMethods_and_AlwaysRunConcept" name="Parkcar" time="0.002"/>
  <system-out/>
  <testcase classname="com.TestNGBatchFiles.SIgnUpTest_DependsOnMethods_and_AlwaysRunConcept" name="DriveCar" time="0.002"/>
  <system-out/>
  <testcase classname="com.TestNGBatchFiles.SIgnUpTest_DependsOnMethods_and_AlwaysRunConcept" name="StopCar" time="0.003"/>
  <system-out/>
  <testcase classname="com.TestNGBatchFiles.SIgnUpTest_DependsOnMethods_and_AlwaysRunConcept" name="StartCar" time="0.014"/>
  <system-out/>
</testsuite> <!-- com.TestNGBatchFiles.SIgnUpTest_DependsOnMethods_and_AlwaysRunConcept -->
