<?xml version="1.0" encoding="UTF-8"?>
<!-- Generated by org.testng.reporters.JUnitReportReporter -->
<testsuite hostname="DESKTOP-R1NCR26" failures="0" tests="3" name="com.TestNGBatchFiles.SIgnUpTest" time="0.008" errors="0" timestamp="2021-12-27T08:11:49 GMT-05:00" skipped="0">
  <testcase classname="com.TestNGBatchFiles.SIgnUpTest" name="signupviaFacebook" time="0.002"/>
  <system-out/>
  <testcase classname="com.TestNGBatchFiles.SIgnUpTest" name="signupviaTwitter" time="0.004"/>
  <system-out/>
  <testcase classname="com.TestNGBatchFiles.SIgnUpTest" name="signupviaEmail" time="0.002"/>
  <system-out/>
</testsuite> <!-- com.TestNGBatchFiles.SIgnUpTest -->
