<?xml version="1.0" encoding="UTF-8"?>
<!-- Generated by org.testng.reporters.JUnitReportReporter -->
<testsuite hostname="DESKTOP-R1NCR26" failures="0" tests="6" name="com.TestNGBatchFiles.LearningDataProviderParameters" time="0.033" errors="0" timestamp="2021-12-27T08:11:49 GMT-05:00" skipped="0">
  <testcase classname="com.TestNGBatchFiles.LearningDataProviderParameters" name="registerUser" time="0.006"/>
  <system-out/>
  <testcase classname="com.TestNGBatchFiles.LearningDataProviderParameters" name="registerUser" time="0.006"/>
  <system-out/>
  <testcase classname="com.TestNGBatchFiles.LearningDataProviderParameters" name="LoginUser" time="0.003"/>
  <system-out/>
  <testcase classname="com.TestNGBatchFiles.LearningDataProviderParameters" name="LoginUser" time="0.011"/>
  <system-out/>
  <testcase classname="com.TestNGBatchFiles.LearningDataProviderParameters" name="LoginUser" time="0.003"/>
  <system-out/>
  <testcase classname="com.TestNGBatchFiles.LearningDataProviderParameters" name="registerUser" time="0.004"/>
  <system-out/>
</testsuite> <!-- com.TestNGBatchFiles.LearningDataProviderParameters -->
