<?xml version="1.0" encoding="UTF-8"?>
<!-- Generated by org.testng.reporters.JUnitReportReporter -->
<testsuite hostname="DESKTOP-R1NCR26" failures="0" tests="2" name="com.LearningTestNG.GoogleTestWithTestNG" time="15.669" errors="0" timestamp="2021-12-30T09:33:31 GMT-05:00" skipped="0">
  <testcase classname="com.LearningTestNG.GoogleTestWithTestNG" name="googleTitleTest" time="5.930"/>
  <system-out/>
  <testcase classname="com.LearningTestNG.GoogleTestWithTestNG" name="googleLogoTest" time="9.739"/>
  <system-out/>
</testsuite> <!-- com.LearningTestNG.GoogleTestWithTestNG -->
