<?xml version="1.0" encoding="UTF-8"?>
<!-- Generated by org.testng.reporters.JUnitReportReporter -->
<testsuite hostname="DESKTOP-R1NCR26" failures="0" tests="1" name="com.LearningTestNG.TestNGAnnotations_2" time="0.002" errors="0" timestamp="2021-12-30T09:33:31 GMT-05:00" skipped="0">
  <testcase classname="com.LearningTestNG.TestNGAnnotations_2" name="test3" time="0.002"/>
  <system-out/>
</testsuite> <!-- com.LearningTestNG.TestNGAnnotations_2 -->
