<?xml version="1.0" encoding="UTF-8"?>
<!-- Generated by org.testng.reporters.JUnitReportReporter -->
<testsuite hostname="DESKTOP-R1NCR26" failures="0" tests="4" name="com.LearningTestNG.Priority_And_EnabledConcept" time="0.020" errors="0" timestamp="2022-05-23T09:36:16 GMT-05:00" skipped="1">
  <testcase classname="com.LearningTestNG.Priority_And_EnabledConcept" name="TestOne" time="0.014"/>
  <system-out/>
  <testcase classname="com.LearningTestNG.Priority_And_EnabledConcept" name="TestTwo" time="0.003"/>
  <system-out/>
  <testcase classname="com.LearningTestNG.Priority_And_EnabledConcept" name="TestThree" time="0.003"/>
  <system-out/>
  <testcase classname="com.LearningTestNG.Priority_And_EnabledConcept" name="TestFour">
    <skipped/>
  </testcase> <!-- TestFour -->
  <system-out/>
</testsuite> <!-- com.LearningTestNG.Priority_And_EnabledConcept -->
