<?xml version="1.0" encoding="UTF-8"?>
<!-- Generated by org.testng.reporters.JUnitReportReporter -->
<testsuite hostname="DESKTOP-R1NCR26" failures="0" tests="3" name="com.TestNGBatchFiles.GroupingTest" time="0.009" errors="0" timestamp="2021-12-27T08:11:49 GMT-05:00" skipped="0">
  <testcase classname="com.TestNGBatchFiles.GroupingTest" name="feature2" time="0.001"/>
  <system-out/>
  <testcase classname="com.TestNGBatchFiles.GroupingTest" name="feature3" time="0.003"/>
  <system-out/>
  <testcase classname="com.TestNGBatchFiles.GroupingTest" name="feature1" time="0.005"/>
  <system-out/>
</testsuite> <!-- com.TestNGBatchFiles.GroupingTest -->
