<?xml version="1.0" encoding="UTF-8"?>
<!-- Generated by org.testng.reporters.JUnitReportReporter -->
<testsuite hostname="DESKTOP-R1NCR26" failures="0" tests="1" name="com.LearningTestNG.ExpectedException" time="0.010" errors="0" timestamp="2021-12-30T09:33:31 GMT-05:00" skipped="0">
  <testcase classname="com.LearningTestNG.ExpectedException" name="test1" time="0.010"/>
  <system-out/>
</testsuite> <!-- com.LearningTestNG.ExpectedException -->
