<?xml version="1.0" encoding="UTF-8"?>
<!-- Generated by org.testng.reporters.JUnitReportReporter -->
<testsuite hostname="DESKTOP-R1NCR26" failures="0" tests="3" name="com.TestNGBatchFiles.LoginTest" time="0.018" errors="0" timestamp="2021-12-27T08:11:49 GMT-05:00" skipped="0">
  <testcase classname="com.TestNGBatchFiles.LoginTest" name="loginviaFacbook" time="0.007"/>
  <system-out/>
  <testcase classname="com.TestNGBatchFiles.LoginTest" name="loginviaEmail" time="0.008"/>
  <system-out/>
  <testcase classname="com.TestNGBatchFiles.LoginTest" name="loginviaTwitter" time="0.003"/>
  <system-out/>
</testsuite> <!-- com.TestNGBatchFiles.LoginTest -->
